2025-04-13 12:36:59,519 - pyswarms.single.global_best - INFO - Optimize for 1000 iters with {'c1': 0.5, 'c2': 0.3, 'w': 0.9}
2025-04-13 12:36:59,759 - pyswarms.single.global_best - INFO - Optimization finished | best cost: 2.0239804903895173, best pos: [1.00585072 1.00610378]
2025-04-13 13:08:00,684 - pyswarms.single.global_best - INFO - Optimize for 1000 iters with {'c1': 0.5, 'c2': 0.3, 'w': 0.9}
2025-04-13 13:08:00,960 - pyswarms.single.global_best - INFO - Optimization finished | best cost: 0.9057517927893842, best pos: [0.10279475 0.95250865 0.1303522  0.58822047 0.9489022  0.98600095]
2025-04-13 13:08:16,648 - pyswarms.single.global_best - INFO - Optimize for 1000 iters with {'c1': 0.5, 'c2': 0.3, 'w': 0.9}
2025-04-13 13:08:16,859 - pyswarms.single.global_best - INFO - Optimization finished | best cost: 1.0126533438018614, best pos: [0.00576625 0.98669028 0.01071895 0.59602294 0.80212712 0.666888  ]
2025-04-13 13:08:23,771 - pyswarms.single.global_best - INFO - Optimize for 1000 iters with {'c1': 0.5, 'c2': 0.3, 'w': 0.9}
2025-04-13 13:08:24,012 - pyswarms.single.global_best - INFO - Optimization finished | best cost: 1.076995013377783, best pos: [0.06489214 0.89517268 0.44940541 0.14282607 0.91336569 0.77291579]
2025-04-13 13:11:53,133 - pyswarms.single.global_best - INFO - Optimize for 1000 iters with {'c1': 0.5, 'c2': 0.3, 'w': 0.9}
2025-04-13 13:11:53,622 - pyswarms.single.global_best - INFO - Optimization finished | best cost: -2.8343712558958205, best pos: [0.81141756 0.74654199 0.9918864  0.99980015 0.2021871  0.28628051]
2025-04-13 13:12:23,674 - pyswarms.single.global_best - INFO - Optimize for 1000 iters with {'c1': 0.5, 'c2': 0.3, 'w': 0.9}
2025-04-13 13:12:23,901 - pyswarms.single.global_best - INFO - Optimization finished | best cost: -2.825023329152386, best pos: [0.51775815 0.48000411 0.99932654 0.97193945 0.58035883 0.02907709]
2025-04-13 13:25:51,146 - pyswarms.single.global_best - INFO - Optimize for 1000 iters with {'c1': 0.5, 'c2': 0.3, 'w': 0.9}
2025-04-13 13:25:51,390 - pyswarms.single.global_best - INFO - Optimization finished | best cost: -2.8125660346203882, best pos: [0.87552514 0.77337396 0.99700359 0.9515362  0.03535007 0.19389541]
2025-04-13 13:26:06,929 - pyswarms.single.global_best - INFO - Optimize for 1000 iters with {'c1': 0.5, 'c2': 0.3, 'w': 0.9}
2025-04-13 13:26:07,175 - pyswarms.single.global_best - INFO - Optimization finished | best cost: -2.8044342200627757, best pos: [0.22360635 0.15470505 0.99121958 0.96166056 0.37862506 0.16279719]
2025-04-13 13:26:21,483 - pyswarms.single.global_best - INFO - Optimize for 500 iters with {'c1': 0.5, 'c2': 0.3, 'w': 0.9}
2025-04-13 13:26:21,612 - pyswarms.single.global_best - INFO - Optimization finished | best cost: -2.824908302172871, best pos: [0.5300197  0.49493302 0.99298419 0.98262316 0.25190375 0.30640114]
2025-04-13 13:26:29,797 - pyswarms.single.global_best - INFO - Optimize for 500 iters with {'c1': 0.5, 'c2': 0.3, 'w': 0.9}
2025-04-13 13:26:29,935 - pyswarms.single.global_best - INFO - Optimization finished | best cost: -2.737340789594346, best pos: [0.16960329 0.28342509 0.99414219 0.92006153 0.59419963 0.4068696 ]
2025-04-13 13:26:35,421 - pyswarms.single.global_best - INFO - Optimize for 500 iters with {'c1': 0.5, 'c2': 0.3, 'w': 0.9}
2025-04-13 13:26:35,557 - pyswarms.single.global_best - INFO - Optimization finished | best cost: -2.8262518479614944, best pos: [0.47043359 0.47864698 0.99333402 0.9884691  0.37463029 0.23895982]
2025-04-13 13:27:12,043 - pyswarms.single.global_best - INFO - Optimize for 500 iters with {'c1': 0.5, 'c2': 0.3, 'w': 0.9}
2025-04-13 13:27:12,191 - pyswarms.single.global_best - INFO - Optimization finished | best cost: -2.777391509857324, best pos: [0.21643598 0.19717001 0.98795633 0.94093881 0.35556192 0.60929376]
