2025-04-13 11:55:28,734 - pyswarms.single.global_best - INFO - Optimize for 200 iters with {'c1': 0.5, 'c2': 0.3, 'w': 0.9}
2025-04-13 11:55:28,841 - pyswarms.single.global_best - INFO - Optimization finished | best cost: 1.805965406559212e-11, best pos: [ 2.10940714e-06 -3.68918088e-06]
2025-04-13 11:56:41,928 - pyswarms.single.global_best - INFO - Optimize for 200 iters with {'c1': 0.5, 'c2': 0.3, 'w': 0.9}
2025-04-13 11:56:42,045 - pyswarms.single.global_best - INFO - Optimization finished | best cost: 2.414180786940222e-12, best pos: [-1.52652860e-06  2.89639827e-07]
2025-04-13 11:57:34,129 - pyswarms.single.global_best - INFO - Optimize for 200 iters with {'c1': 0.5, 'c2': 0.3, 'w': 0.9}
2025-04-13 11:57:34,227 - pyswarms.single.global_best - INFO - Optimization finished | best cost: 2.8498772118996814e-11, best pos: [-4.62338102e-06  2.66891739e-06]
2025-04-13 12:08:03,028 - pyswarms.single.global_best - INFO - Optimize for 50 iters with {'c1': 0.5, 'c2': 0.3, 'w': 0.5}
2025-04-13 12:08:03,055 - pyswarms.single.global_best - INFO - Optimization finished | best cost: 0.01825577821249238, best pos: [0.09929045 0.09163615]
2025-04-13 12:08:06,776 - matplotlib.animation - WARNING - MovieWriter imagemagick unavailable; using Pillow instead.
2025-04-13 12:08:06,776 - matplotlib.animation - INFO - Animation.save using <class 'matplotlib.animation.PillowWriter'>
2025-04-13 12:10:48,141 - pyswarms.single.global_best - INFO - Optimize for 100 iters with {'c1': 0.5, 'c2': 0.3, 'w': 0.5}
2025-04-13 12:10:48,191 - pyswarms.single.global_best - INFO - Optimization finished | best cost: 0.0359247976882463, best pos: [0.18242705 0.05143119]
2025-04-13 12:10:51,168 - matplotlib.animation - WARNING - MovieWriter imagemagick unavailable; using Pillow instead.
2025-04-13 12:10:51,169 - matplotlib.animation - INFO - Animation.save using <class 'matplotlib.animation.PillowWriter'>
2025-04-13 12:11:30,436 - pyswarms.single.global_best - INFO - Optimize for 200 iters with {'c1': 0.5, 'c2': 0.3, 'w': 0.5}
2025-04-13 12:11:30,546 - pyswarms.single.global_best - INFO - Optimization finished | best cost: 0.007712603472724719, best pos: [0.04891431 0.07293829]
2025-04-13 12:11:33,298 - matplotlib.animation - WARNING - MovieWriter imagemagick unavailable; using Pillow instead.
2025-04-13 12:11:33,298 - matplotlib.animation - INFO - Animation.save using <class 'matplotlib.animation.PillowWriter'>
2025-04-13 12:15:45,014 - pyswarms.single.global_best - INFO - Optimize for 200 iters with {'c1': 0.5, 'c2': 0.3, 'w': 0.9}
2025-04-13 12:15:45,130 - pyswarms.single.global_best - INFO - Optimization finished | best cost: 1.9796043808038067e-13, best pos: [-1.92600316e-07 -4.01080486e-07]
2025-04-13 12:16:00,096 - pyswarms.single.global_best - INFO - Optimize for 200 iters with {'c1': 0.5, 'c2': 0.3, 'w': 0.5}
2025-04-13 12:16:00,208 - pyswarms.single.global_best - INFO - Optimization finished | best cost: 0.02894750756111009, best pos: [0.00864338 0.16991998]
2025-04-13 12:16:03,826 - matplotlib.animation - INFO - Animation.save using <class 'matplotlib.animation.ImageMagickWriter'>
2025-04-13 12:16:03,826 - matplotlib.animation - INFO - MovieWriter._run: running command: 'C:\Program Files\ImageMagick-7.1.1-Q16-HDRI\magick.exe' -size 1000x800 -depth 8 -delay 10.0 -loop 0 rgba:- -layers OptimizePlus plot0.gif
2025-04-13 12:17:29,114 - pyswarms.single.global_best - INFO - Optimize for 200 iters with {'c1': 0.5, 'c2': 0.3, 'w': 0.5}
2025-04-13 12:17:29,179 - pyswarms.single.global_best - INFO - Optimization finished | best cost: 0.01642069962538443, best pos: [0.05383026 0.11628845]
2025-04-13 12:17:31,080 - matplotlib.animation - INFO - Animation.save using <class 'matplotlib.animation.ImageMagickWriter'>
2025-04-13 12:17:31,080 - matplotlib.animation - INFO - MovieWriter._run: running command: 'C:\Program Files\ImageMagick-7.1.1-Q16-HDRI\magick.exe' -size 1000x800 -depth 8 -delay 10.0 -loop 0 rgba:- -layers OptimizePlus plot0.gif
2025-04-13 12:18:52,253 - pyswarms.single.global_best - INFO - Optimize for 200 iters with {'c1': 0.6, 'c2': 0.4, 'w': 0.5}
2025-04-13 12:18:52,292 - pyswarms.single.global_best - INFO - Optimization finished | best cost: 1.4213808214785098e-60, best pos: [-1.04721388e-30 -5.69845511e-31]
2025-04-13 12:18:54,108 - matplotlib.animation - INFO - Animation.save using <class 'matplotlib.animation.ImageMagickWriter'>
2025-04-13 12:18:54,108 - matplotlib.animation - INFO - MovieWriter._run: running command: 'C:\Program Files\ImageMagick-7.1.1-Q16-HDRI\magick.exe' -size 1000x800 -depth 8 -delay 10.0 -loop 0 rgba:- -layers OptimizePlus plot0.gif
2025-04-13 12:21:44,298 - pyswarms.single.global_best - INFO - Optimize for 200 iters with {'c1': 0.5, 'c2': 0.3, 'w': 0.5}
2025-04-13 12:21:44,337 - pyswarms.single.global_best - INFO - Optimization finished | best cost: 1.4166279657116727e-10, best pos: [ 1.18238997e-05 -1.36315523e-06]
2025-04-13 12:21:46,137 - matplotlib.animation - INFO - Animation.save using <class 'matplotlib.animation.ImageMagickWriter'>
2025-04-13 12:21:46,137 - matplotlib.animation - INFO - MovieWriter._run: running command: 'C:\Program Files\ImageMagick-7.1.1-Q16-HDRI\magick.exe' -size 1000x800 -depth 8 -delay 10.0 -loop 0 rgba:- -layers OptimizePlus plot0.gif
2025-04-13 12:22:37,973 - pyswarms.single.global_best - INFO - Optimize for 100 iters with {'c1': 0.5, 'c2': 0.3, 'w': 0.5}
2025-04-13 12:22:38,006 - pyswarms.single.global_best - INFO - Optimization finished | best cost: 0.13858566658116253, best pos: [0.35524391 0.11129884]
2025-04-13 12:22:43,569 - pyswarms.single.global_best - INFO - Optimize for 100 iters with {'c1': 0.5, 'c2': 0.3, 'w': 0.5}
2025-04-13 12:22:43,591 - pyswarms.single.global_best - INFO - Optimization finished | best cost: 0.011856076266035945, best pos: [0.07540633 0.0785491 ]
2025-04-13 12:22:45,556 - matplotlib.animation - INFO - Animation.save using <class 'matplotlib.animation.ImageMagickWriter'>
2025-04-13 12:22:45,558 - matplotlib.animation - INFO - MovieWriter._run: running command: 'C:\Program Files\ImageMagick-7.1.1-Q16-HDRI\magick.exe' -size 1000x800 -depth 8 -delay 10.0 -loop 0 rgba:- -layers OptimizePlus plot0.gif
2025-04-13 12:23:36,256 - pyswarms.single.global_best - INFO - Optimize for 200 iters with {'c1': 0.7, 'c2': 0.8, 'w': 0.5}
2025-04-13 12:23:36,310 - pyswarms.single.global_best - INFO - Optimization finished | best cost: 4.221046935116354e-59, best pos: [5.57855849e-31 6.47296425e-30]
2025-04-13 12:23:38,109 - matplotlib.animation - INFO - Animation.save using <class 'matplotlib.animation.ImageMagickWriter'>
2025-04-13 12:23:38,109 - matplotlib.animation - INFO - MovieWriter._run: running command: 'C:\Program Files\ImageMagick-7.1.1-Q16-HDRI\magick.exe' -size 1000x800 -depth 8 -delay 10.0 -loop 0 rgba:- -layers OptimizePlus plot0.gif
2025-04-13 12:25:16,446 - pyswarms.single.global_best - INFO - Optimize for 100 iters with {'c1': 0.7, 'c2': 0.8, 'w': 0.5}
2025-04-13 12:25:16,479 - pyswarms.single.global_best - INFO - Optimization finished | best cost: 9.38013063805571e-31, best pos: [-4.58042356e-16 -8.53352368e-16]
2025-04-13 12:25:18,296 - matplotlib.animation - INFO - Animation.save using <class 'matplotlib.animation.ImageMagickWriter'>
2025-04-13 12:25:18,298 - matplotlib.animation - INFO - MovieWriter._run: running command: 'C:\Program Files\ImageMagick-7.1.1-Q16-HDRI\magick.exe' -size 1000x800 -depth 8 -delay 10.0 -loop 0 rgba:- -layers OptimizePlus plot0.gif
2025-04-13 12:26:37,596 - pyswarms.single.global_best - INFO - Optimize for 50 iters with {'c1': 0.7, 'c2': 0.8, 'w': 0.5}
2025-04-13 12:26:37,614 - pyswarms.single.global_best - INFO - Optimization finished | best cost: 4.65539119730543e-16, best pos: [-1.04515234e-08 -1.88760372e-08]
2025-04-13 12:26:39,418 - matplotlib.animation - INFO - Animation.save using <class 'matplotlib.animation.ImageMagickWriter'>
2025-04-13 12:26:39,418 - matplotlib.animation - INFO - MovieWriter._run: running command: 'C:\Program Files\ImageMagick-7.1.1-Q16-HDRI\magick.exe' -size 1000x800 -depth 8 -delay 10.0 -loop 0 rgba:- -layers OptimizePlus plot0.gif
2025-04-13 12:28:02,208 - pyswarms.single.global_best - INFO - Optimize for 50 iters with {'c1': 0.5, 'c2': 0.3, 'w': 0.5}
2025-04-13 12:28:02,232 - pyswarms.single.global_best - INFO - Optimization finished | best cost: 0.004314062028474031, best pos: [0.06567964 0.00049729]
2025-04-13 12:28:03,962 - matplotlib.animation - INFO - Animation.save using <class 'matplotlib.animation.ImageMagickWriter'>
2025-04-13 12:28:03,962 - matplotlib.animation - INFO - MovieWriter._run: running command: 'C:\Program Files\ImageMagick-7.1.1-Q16-HDRI\magick.exe' -size 1000x800 -depth 8 -delay 10.0 -loop 0 rgba:- -layers OptimizePlus plot0.gif
2025-04-13 12:28:40,375 - pyswarms.single.global_best - INFO - Optimize for 50 iters with {'c1': 0.5, 'c2': 0.4, 'w': 0.5}
2025-04-13 12:28:40,393 - pyswarms.single.global_best - INFO - Optimization finished | best cost: 0.05402286979925591, best pos: [0.2072729 0.1051704]
2025-04-13 12:28:42,242 - matplotlib.animation - INFO - Animation.save using <class 'matplotlib.animation.ImageMagickWriter'>
2025-04-13 12:28:42,242 - matplotlib.animation - INFO - MovieWriter._run: running command: 'C:\Program Files\ImageMagick-7.1.1-Q16-HDRI\magick.exe' -size 1000x800 -depth 8 -delay 10.0 -loop 0 rgba:- -layers OptimizePlus plot0.gif
2025-04-13 12:29:22,262 - pyswarms.single.global_best - INFO - Optimize for 50 iters with {'c1': 0.7, 'c2': 0.8, 'w': 0.5}
2025-04-13 12:29:22,295 - pyswarms.single.global_best - INFO - Optimization finished | best cost: 4.092688843573153e-15, best pos: [2.45441124e-08 5.90785527e-08]
2025-04-13 12:29:24,039 - matplotlib.animation - INFO - Animation.save using <class 'matplotlib.animation.ImageMagickWriter'>
2025-04-13 12:29:24,039 - matplotlib.animation - INFO - MovieWriter._run: running command: 'C:\Program Files\ImageMagick-7.1.1-Q16-HDRI\magick.exe' -size 1000x800 -depth 8 -delay 10.0 -loop 0 rgba:- -layers OptimizePlus plot0.gif
2025-04-13 12:30:11,978 - pyswarms.single.global_best - INFO - Optimize for 50 iters with {'c1': 0.6, 'c2': 0.7, 'w': 0.5}
2025-04-13 12:30:12,001 - pyswarms.single.global_best - INFO - Optimization finished | best cost: 3.064163652213184e-16, best pos: [-1.08485964e-08 -1.37376971e-08]
2025-04-13 12:30:13,719 - matplotlib.animation - INFO - Animation.save using <class 'matplotlib.animation.ImageMagickWriter'>
2025-04-13 12:30:13,719 - matplotlib.animation - INFO - MovieWriter._run: running command: 'C:\Program Files\ImageMagick-7.1.1-Q16-HDRI\magick.exe' -size 1000x800 -depth 8 -delay 10.0 -loop 0 rgba:- -layers OptimizePlus plot0.gif
